\BOOKMARK [1][-]{section.1}{Abstract}{}% 1
\BOOKMARK [1][-]{section.2}{L'analisi filogenetica per lo studio dei tumori}{}% 2
\BOOKMARK [2][-]{subsection.2.1}{Introduzione generale}{section.2}% 3
\BOOKMARK [2][-]{subsection.2.2}{Le diverse tipologie di studio ed analisi}{section.2}% 4
\BOOKMARK [2][-]{subsection.2.3}{Approfondimento sulle tipologie di studio}{section.2}% 5
\BOOKMARK [3][-]{subsubsection.2.3.1}{Modelli per gli studi Cross-sectional}{subsection.2.3}% 6
\BOOKMARK [3][-]{subsubsection.2.3.2}{Regional Bulk}{subsection.2.3}% 7
\BOOKMARK [3][-]{subsubsection.2.3.3}{Single Cell}{subsection.2.3}% 8
\BOOKMARK [2][-]{subsection.2.4}{Un esempio di applicazione pratica}{section.2}% 9
\BOOKMARK [3][-]{subsubsection.2.4.1}{Consistenza fra modello e dati}{subsection.2.4}% 10
\BOOKMARK [3][-]{subsubsection.2.4.2}{Compatibilit\340 algoritmo e modello}{subsection.2.4}% 11
\BOOKMARK [3][-]{subsubsection.2.4.3}{Compatibilit\340 fra algoritmo e dati}{subsection.2.4}% 12
\BOOKMARK [3][-]{subsubsection.2.4.4}{Compatibilit\340 fra metodo e domande}{subsection.2.4}% 13
\BOOKMARK [3][-]{subsubsection.2.4.5}{Approcci possibili}{subsection.2.4}% 14
\BOOKMARK [1][-]{section.3}{Un software per l'analisi cross-sectional: BML}{}% 15
\BOOKMARK [2][-]{subsection.3.1}{Introduzione}{section.3}% 16
\BOOKMARK [2][-]{subsection.3.2}{L'approccio di BML}{section.3}% 17
\BOOKMARK [2][-]{subsection.3.3}{Learning della rete bayesiana e ricostruzione degli EPP}{section.3}% 18
\BOOKMARK [3][-]{subsubsection.3.3.1}{I dati}{subsection.3.3}% 19
\BOOKMARK [3][-]{subsubsection.3.3.2}{Il modello}{subsection.3.3}% 20
\BOOKMARK [3][-]{subsubsection.3.3.3}{Apprendere le distribuzioni di probabilit\340}{subsection.3.3}% 21
\BOOKMARK [3][-]{subsubsection.3.3.4}{Semplificazioni e assunzioni}{subsection.3.3}% 22
\BOOKMARK [3][-]{subsubsection.3.3.5}{Algoritmo di learning dei parametri della rete bayesiana}{subsection.3.3}% 23
\BOOKMARK [3][-]{subsubsection.3.3.6}{Ricostruzione dei EPP pi\371 probabili}{subsection.3.3}% 24
\BOOKMARK [3][-]{subsubsection.3.3.7}{Fitness epistasis e la sequenza delle mutazioni}{subsection.3.3}% 25
\BOOKMARK [3][-]{subsubsection.3.3.8}{Procedure di bootstrap}{subsection.3.3}% 26
\BOOKMARK [1][-]{section.4}{Guida e apporti personali a BML}{}% 27
\BOOKMARK [2][-]{subsection.4.1}{Apporti personali}{section.4}% 28
\BOOKMARK [2][-]{subsection.4.2}{Guida}{section.4}% 29
\BOOKMARK [3][-]{subsubsection.4.2.1}{Interfaccia primaria}{subsection.4.2}% 30
\BOOKMARK [3][-]{subsubsection.4.2.2}{Il men\371 di help}{subsection.4.2}% 31
\BOOKMARK [3][-]{subsubsection.4.2.3}{Il preprocessore MAF}{subsection.4.2}% 32
\BOOKMARK [1][-]{section.5}{Confronto tra BML e CAPRI}{}% 33
\BOOKMARK [2][-]{subsection.5.1}{CAPRI: aspetti fondamentali}{section.5}% 34
\BOOKMARK [2][-]{subsection.5.2}{Il confronto}{section.5}% 35
\BOOKMARK [2][-]{subsection.5.3}{Note sul lavoro di Alice Tarzariol}{section.5}% 36
\BOOKMARK [1][-]{section.6}{Conclusione}{}% 37
